<?xml version="1.0" encoding="UTF-8"?>
<!-- Generated by org.testng.reporters.JUnitXMLReporter -->
<testsuite ignored="20" hostname="DESKTOP-LCQBNIM" failures="1" tests="1" name="Default test" time="14.269" errors="0" timestamp="2022-11-08T15:42:22 IST">
  <testcase classname="com.jbk.TestCases" name="checkExamFunct" time="14.207">
    <failure type="org.openqa.selenium.InvalidSelectorException" message="invalid selector: Unable to locate an element with the xpath expression //h3[text ()=Your Result&amp;apos;] because of the following error:
SyntaxError: Failed to execute &amp;apos;evaluate&amp;apos; on &amp;apos;Document&amp;apos;: The string &amp;apos;//h3[text ()=Your Result&amp;apos;]&amp;apos; is not a valid XPath expression.
  (Session info: chrome=107.0.5304.88)
For documentation on this error, please visit: https://www.seleniumhq.org/exceptions/invalid_selector_exception.html
Build info: version: &amp;apos;3.141.59&amp;apos;, revision: &amp;apos;e82be7d358&amp;apos;, time: &amp;apos;2018-11-14T08:25:53&amp;apos;
System info: host: &amp;apos;DESKTOP-LCQBNIM&amp;apos;, ip: &amp;apos;192.168.43.40&amp;apos;, os.name: &amp;apos;Windows 10&amp;apos;, os.arch: &amp;apos;amd64&amp;apos;, os.version: &amp;apos;10.0&amp;apos;, java.version: &amp;apos;16.0.2&amp;apos;
Driver info: org.openqa.selenium.chrome.ChromeDriver
Capabilities {acceptInsecureCerts: false, browserName: chrome, browserVersion: 107.0.5304.88, chrome: {chromedriverVersion: 106.0.5249.61 (511755355844..., userDataDir: C:\Users\Kulkarni\AppData\L...}, goog:chromeOptions: {debuggerAddress: localhost:49307}, javascriptEnabled: true, networkConnectionEnabled: false, pageLoadStrategy: normal, platform: WINDOWS, platformName: WINDOWS, proxy: Proxy(), setWindowRect: true, strictFileInteractability: false, timeouts: {implicit: 0, pageLoad: 300000, script: 30000}, unhandledPromptBehavior: dismiss and notify, webauthn:extension:credBlob: true, webauthn:extension:largeBlob: true, webauthn:virtualAuthenticators: true}
Session ID: c88239a6dec8107da05a8984f2305cbf
*** Element info: {Using=xpath, value=//h3[text ()=Your Result&amp;apos;]}">
      <![CDATA[org.openqa.selenium.InvalidSelectorException: invalid selector: Unable to locate an element with the xpath expression //h3[text ()=Your Result'] because of the following error:
SyntaxError: Failed to execute 'evaluate' on 'Document': The string '//h3[text ()=Your Result']' is not a valid XPath expression.
  (Session info: chrome=107.0.5304.88)
For documentation on this error, please visit: https://www.seleniumhq.org/exceptions/invalid_selector_exception.html
Build info: version: '3.141.59', revision: 'e82be7d358', time: '2018-11-14T08:25:53'
System info: host: 'DESKTOP-LCQBNIM', ip: '192.168.43.40', os.name: 'Windows 10', os.arch: 'amd64', os.version: '10.0', java.version: '16.0.2'
Driver info: org.openqa.selenium.chrome.ChromeDriver
Capabilities {acceptInsecureCerts: false, browserName: chrome, browserVersion: 107.0.5304.88, chrome: {chromedriverVersion: 106.0.5249.61 (511755355844..., userDataDir: C:\Users\Kulkarni\AppData\L...}, goog:chromeOptions: {debuggerAddress: localhost:49307}, javascriptEnabled: true, networkConnectionEnabled: false, pageLoadStrategy: normal, platform: WINDOWS, platformName: WINDOWS, proxy: Proxy(), setWindowRect: true, strictFileInteractability: false, timeouts: {implicit: 0, pageLoad: 300000, script: 30000}, unhandledPromptBehavior: dismiss and notify, webauthn:extension:credBlob: true, webauthn:extension:largeBlob: true, webauthn:virtualAuthenticators: true}
Session ID: c88239a6dec8107da05a8984f2305cbf
*** Element info: {Using=xpath, value=//h3[text ()=Your Result']}
at java.base/jdk.internal.reflect.NativeConstructorAccessorImpl.newInstance0(Native Method)
at java.base/jdk.internal.reflect.NativeConstructorAccessorImpl.newInstance(NativeConstructorAccessorImpl.java:78)
at java.base/jdk.internal.reflect.DelegatingConstructorAccessorImpl.newInstance(DelegatingConstructorAccessorImpl.java:45)
at java.base/java.lang.reflect.Constructor.newInstanceWithCaller(Constructor.java:499)
at java.base/java.lang.reflect.Constructor.newInstance(Constructor.java:480)
at org.openqa.selenium.remote.http.W3CHttpResponseCodec.createException(W3CHttpResponseCodec.java:187)
at org.openqa.selenium.remote.http.W3CHttpResponseCodec.decode(W3CHttpResponseCodec.java:122)
at org.openqa.selenium.remote.http.W3CHttpResponseCodec.decode(W3CHttpResponseCodec.java:49)
at org.openqa.selenium.remote.HttpCommandExecutor.execute(HttpCommandExecutor.java:158)
at org.openqa.selenium.remote.service.DriverCommandExecutor.execute(DriverCommandExecutor.java:83)
at org.openqa.selenium.remote.RemoteWebDriver.execute(RemoteWebDriver.java:552)
at org.openqa.selenium.remote.RemoteWebDriver.findElement(RemoteWebDriver.java:323)
at org.openqa.selenium.remote.RemoteWebDriver.findElementByXPath(RemoteWebDriver.java:428)
at org.openqa.selenium.By$ByXPath.findElement(By.java:353)
at org.openqa.selenium.remote.RemoteWebDriver.findElement(RemoteWebDriver.java:315)
at com.jbk.TestCases.checkExamFunct(TestCases.java:41)
at java.base/jdk.internal.reflect.NativeMethodAccessorImpl.invoke0(Native Method)
at java.base/jdk.internal.reflect.NativeMethodAccessorImpl.invoke(NativeMethodAccessorImpl.java:78)
at java.base/jdk.internal.reflect.DelegatingMethodAccessorImpl.invoke(DelegatingMethodAccessorImpl.java:43)
at java.base/java.lang.reflect.Method.invoke(Method.java:567)
at org.testng.internal.MethodInvocationHelper.invokeMethod(MethodInvocationHelper.java:133)
at org.testng.internal.TestInvoker.invokeMethod(TestInvoker.java:598)
at org.testng.internal.TestInvoker.invokeTestMethod(TestInvoker.java:173)
at org.testng.internal.MethodRunner.runInSequence(MethodRunner.java:46)
at org.testng.internal.TestInvoker$MethodInvocationAgent.invoke(TestInvoker.java:824)
at org.testng.internal.TestInvoker.invokeTestMethods(TestInvoker.java:146)
at org.testng.internal.TestMethodWorker.invokeTestMethods(TestMethodWorker.java:146)
at org.testng.internal.TestMethodWorker.run(TestMethodWorker.java:128)
at java.base/java.util.ArrayList.forEach(ArrayList.java:1511)
at org.testng.TestRunner.privateRun(TestRunner.java:794)
at org.testng.TestRunner.run(TestRunner.java:596)
at org.testng.SuiteRunner.runTest(SuiteRunner.java:377)
at org.testng.SuiteRunner.runSequentially(SuiteRunner.java:371)
at org.testng.SuiteRunner.privateRun(SuiteRunner.java:332)
at org.testng.SuiteRunner.run(SuiteRunner.java:276)
at org.testng.SuiteRunnerWorker.runSuite(SuiteRunnerWorker.java:53)
at org.testng.SuiteRunnerWorker.run(SuiteRunnerWorker.java:96)
at org.testng.TestNG.runSuitesSequentially(TestNG.java:1212)
at org.testng.TestNG.runSuitesLocally(TestNG.java:1134)
at org.testng.TestNG.runSuites(TestNG.java:1063)
at org.testng.TestNG.run(TestNG.java:1031)
at org.testng.remote.AbstractRemoteTestNG.run(AbstractRemoteTestNG.java:115)
at org.testng.remote.RemoteTestNG.initAndRun(RemoteTestNG.java:251)
at org.testng.remote.RemoteTestNG.main(RemoteTestNG.java:77)
]]>
    </failure>
  </testcase> <!-- checkExamFunct -->
  <testcase classname="com.jbk.TestCases" name="Syllabusfun" time="0.0">
    <ignored/>
  </testcase> <!-- Syllabusfun -->
  <testcase classname="com.jbk.TestCases" name="ContactUsFun" time="0.0">
    <ignored/>
  </testcase> <!-- ContactUsFun -->
  <testcase classname="com.jbk.TestCases" name="MyAccountFun" time="0.0">
    <ignored/>
  </testcase> <!-- MyAccountFun -->
  <testcase classname="com.jbk.TestCases" name="checktimelinefun" time="0.0">
    <ignored/>
  </testcase> <!-- checktimelinefun -->
  <testcase classname="com.jbk.TestCases" name="checkexamheadingfun" time="0.0">
    <ignored/>
  </testcase> <!-- checkexamheadingfun -->
  <testcase classname="com.jbk.TestCases" name="LiveVideoFun" time="0.0">
    <ignored/>
  </testcase> <!-- LiveVideoFun -->
  <testcase classname="com.jbk.TestCases" name="Profilefun" time="0.0">
    <ignored/>
  </testcase> <!-- Profilefun -->
  <testcase classname="com.jbk.TestCases" name="TutorialsFun" time="0.0">
    <ignored/>
  </testcase> <!-- TutorialsFun -->
  <testcase classname="com.jbk.TestCases" name="checkgoodscorefun1" time="0.0">
    <ignored/>
  </testcase> <!-- checkgoodscorefun1 -->
  <testcase classname="com.jbk.TestCases" name="checktestfailfun" time="0.0">
    <ignored/>
  </testcase> <!-- checktestfailfun -->
  <testcase classname="com.jbk.TestCases" name="dashboardfun" time="0.0">
    <ignored/>
  </testcase> <!-- dashboardfun -->
  <testcase classname="com.jbk.TestCases" name="checktesttopiccoveredlinefun" time="0.0">
    <ignored/>
  </testcase> <!-- checktesttopiccoveredlinefun -->
  <testcase classname="com.jbk.TestCases" name="checkUpdateFun" time="0.0">
    <ignored/>
  </testcase> <!-- checkUpdateFun -->
  <testcase classname="com.jbk.TestCases" name="performanceFun" time="0.0">
    <ignored/>
  </testcase> <!-- performanceFun -->
  <testcase classname="com.jbk.TestCases" name="checkloginfun1" time="0.0">
    <ignored/>
  </testcase> <!-- checkloginfun1 -->
  <testcase classname="com.jbk.TestCases" name="checklogoutfun1" time="0.0">
    <ignored/>
  </testcase> <!-- checklogoutfun1 -->
  <testcase classname="com.jbk.TestCases" name="HomeFun" time="0.0">
    <ignored/>
  </testcase> <!-- HomeFun -->
  <testcase classname="com.jbk.TestCases" name="InterviewQuestionsfun" time="0.0">
    <ignored/>
  </testcase> <!-- InterviewQuestionsfun -->
  <testcase classname="com.jbk.TestCases" name="checktestattemptedfun" time="0.0">
    <ignored/>
  </testcase> <!-- checktestattemptedfun -->
  <testcase classname="com.jbk.TestCases" name="ContributeFun" time="0.0">
    <ignored/>
  </testcase> <!-- ContributeFun -->
</testsuite> <!-- Default test -->
